<?xml version="1.0" encoding="utf-8"?>
<testsuites><testsuite name="SH12HNX01484_SystemBrowser" time="0.797" failures="1" tests="3"><testcase name="ajax" time="0.51" cov="_" failNumber="5" totalNumber="108" browserInfo="SH12HNX01484_SystemBrowser" hostInfo=""><failure type="junit.framework.AssertionFailedError">&lt;a href=""&gt;run&lt;/a&gt;</failure></testcase><testcase name="plat" time="0" cov="" failNumber="" totalNumber="" browserInfo="SH12HNX01484_SystemBrowser" hostInfo=""/><testcase name="zepto" time="0.287" cov="_" failNumber="0" totalNumber="598" browserInfo="SH12HNX01484_SystemBrowser" hostInfo=""/></testsuite></testsuites>
