<?xml version="1.0" encoding="utf-8"?>
<testsuites><testsuite name="SH12HNX01484_SystemBrowser" time="1.634" failures="1" tests="11"><testcase name="zepto" time="0.228" cov="_" failNumber="0" totalNumber="598" browserInfo="SH12HNX01484_SystemBrowser" hostInfo=""/><testcase name="plat" time="0" cov="" failNumber="" totalNumber="" browserInfo="SH12HNX01484_SystemBrowser" hostInfo=""/><testcase name="stack" time="0.035" cov="_" failNumber="0" totalNumber="6" browserInfo="SH12HNX01484_SystemBrowser" hostInfo=""/><testcase name="selector" time="0.034" cov="_" failNumber="0" totalNumber="14" browserInfo="SH12HNX01484_SystemBrowser" hostInfo=""/><testcase name="polyfill" time="0.029" cov="_" failNumber="0" totalNumber="10" browserInfo="SH12HNX01484_SystemBrowser" hostInfo=""/><testcase name="ajax" time="0.467" cov="_" failNumber="5" totalNumber="108" browserInfo="SH12HNX01484_SystemBrowser" hostInfo=""><failure type="junit.framework.AssertionFailedError">&lt;a href=""&gt;run&lt;/a&gt;</failure></testcase><testcase name="data" time="0.033" cov="_" failNumber="0" totalNumber="44" browserInfo="SH12HNX01484_SystemBrowser" hostInfo=""/><testcase name="detect" time="0.028" cov="_" failNumber="0" totalNumber="61" browserInfo="SH12HNX01484_SystemBrowser" hostInfo=""/><testcase name="event" time="0.029" cov="_" failNumber="0" totalNumber="17" browserInfo="SH12HNX01484_SystemBrowser" hostInfo=""/><testcase name="form" time="0.034" cov="_" failNumber="0" totalNumber="8" browserInfo="SH12HNX01484_SystemBrowser" hostInfo=""/><testcase name="fx" time="0.717" cov="_" failNumber="0" totalNumber="22" browserInfo="SH12HNX01484_SystemBrowser" hostInfo=""/></testsuite></testsuites>
